c:\users\administrator\onedrive - students.curry.edu\desktop\cs3560-datastructures&algorithms2\julien&jacobs.capstone\julien&jacobs.capstone\arm64\debug\vc145.pdb
c:\users\administrator\onedrive - students.curry.edu\desktop\cs3560-datastructures&algorithms2\julien&jacobs.capstone\julien&jacobs.capstone\arm64\debug\vc145.idb
c:\users\administrator\onedrive - students.curry.edu\desktop\cs3560-datastructures&algorithms2\julien&jacobs.capstone\julien&jacobs.capstone\arm64\debug\userinterface.obj
c:\users\administrator\onedrive - students.curry.edu\desktop\cs3560-datastructures&algorithms2\julien&jacobs.capstone\julien&jacobs.capstone\arm64\debug\node.obj
c:\users\administrator\onedrive - students.curry.edu\desktop\cs3560-datastructures&algorithms2\julien&jacobs.capstone\julien&jacobs.capstone\arm64\debug\julien&jacobs.capstone.obj
c:\users\administrator\onedrive - students.curry.edu\desktop\cs3560-datastructures&algorithms2\julien&jacobs.capstone\julien&jacobs.capstone\arm64\debug\hashtable.obj
c:\users\administrator\onedrive - students.curry.edu\desktop\cs3560-datastructures&algorithms2\julien&jacobs.capstone\julien&jacobs.capstone\arm64\debug\linkedlist.obj
c:\users\administrator\onedrive - students.curry.edu\desktop\cs3560-datastructures&algorithms2\julien&jacobs.capstone\julien&jacobs.capstone\arm64\debug\balancehashtable.obj
c:\users\administrator\onedrive - students.curry.edu\desktop\cs3560-datastructures&algorithms2\julien&jacobs.capstone\julien&jacobs.capstone\arm64\debug\julien&jacobs.capstone.ilk
c:\users\administrator\onedrive - students.curry.edu\desktop\cs3560-datastructures&algorithms2\julien&jacobs.capstone\julien&jacobs.capstone\arm64\debug\generatewordsfrominputfile.obj
c:\users\administrator\onedrive - students.curry.edu\desktop\cs3560-datastructures&algorithms2\julien&jacobs.capstone\julien&jacobs.capstone\arm64\debug\hashtablewordlist_26.obj
c:\users\administrator\onedrive - students.curry.edu\desktop\cs3560-datastructures&algorithms2\julien&jacobs.capstone\julien&jacobs.capstone\arm64\debug\orderedlistofwords.obj
c:\users\administrator\onedrive - students.curry.edu\desktop\cs3560-datastructures&algorithms2\julien&jacobs.capstone\arm64\debug\julien&jacobs.capstone.pdb
c:\users\administrator\onedrive - students.curry.edu\desktop\cs3560-datastructures&algorithms2\julien&jacobs.capstone\julien&jacobs.capstone\arm64\debug\julien&j.d4c5c336.tlog\cl.command.1.tlog
c:\users\administrator\onedrive - students.curry.edu\desktop\cs3560-datastructures&algorithms2\julien&jacobs.capstone\julien&jacobs.capstone\arm64\debug\julien&j.d4c5c336.tlog\cl.items.tlog
c:\users\administrator\onedrive - students.curry.edu\desktop\cs3560-datastructures&algorithms2\julien&jacobs.capstone\julien&jacobs.capstone\arm64\debug\julien&j.d4c5c336.tlog\cl.read.1.tlog
c:\users\administrator\onedrive - students.curry.edu\desktop\cs3560-datastructures&algorithms2\julien&jacobs.capstone\julien&jacobs.capstone\arm64\debug\julien&j.d4c5c336.tlog\cl.write.1.tlog
c:\users\administrator\onedrive - students.curry.edu\desktop\cs3560-datastructures&algorithms2\julien&jacobs.capstone\julien&jacobs.capstone\arm64\debug\julien&j.d4c5c336.tlog\link-cvtres.read.1.tlog
c:\users\administrator\onedrive - students.curry.edu\desktop\cs3560-datastructures&algorithms2\julien&jacobs.capstone\julien&jacobs.capstone\arm64\debug\julien&j.d4c5c336.tlog\link-cvtres.write.1.tlog
c:\users\administrator\onedrive - students.curry.edu\desktop\cs3560-datastructures&algorithms2\julien&jacobs.capstone\julien&jacobs.capstone\arm64\debug\julien&j.d4c5c336.tlog\link-rc.read.1.tlog
c:\users\administrator\onedrive - students.curry.edu\desktop\cs3560-datastructures&algorithms2\julien&jacobs.capstone\julien&jacobs.capstone\arm64\debug\julien&j.d4c5c336.tlog\link-rc.write.1.tlog
c:\users\administrator\onedrive - students.curry.edu\desktop\cs3560-datastructures&algorithms2\julien&jacobs.capstone\julien&jacobs.capstone\arm64\debug\julien&j.d4c5c336.tlog\link.20980-cvtres.read.1.tlog
c:\users\administrator\onedrive - students.curry.edu\desktop\cs3560-datastructures&algorithms2\julien&jacobs.capstone\julien&jacobs.capstone\arm64\debug\julien&j.d4c5c336.tlog\link.20980-cvtres.write.1.tlog
c:\users\administrator\onedrive - students.curry.edu\desktop\cs3560-datastructures&algorithms2\julien&jacobs.capstone\julien&jacobs.capstone\arm64\debug\julien&j.d4c5c336.tlog\link.20980-rc.read.1.tlog
c:\users\administrator\onedrive - students.curry.edu\desktop\cs3560-datastructures&algorithms2\julien&jacobs.capstone\julien&jacobs.capstone\arm64\debug\julien&j.d4c5c336.tlog\link.20980-rc.write.1.tlog
c:\users\administrator\onedrive - students.curry.edu\desktop\cs3560-datastructures&algorithms2\julien&jacobs.capstone\julien&jacobs.capstone\arm64\debug\julien&j.d4c5c336.tlog\link.20980.read.1.tlog
c:\users\administrator\onedrive - students.curry.edu\desktop\cs3560-datastructures&algorithms2\julien&jacobs.capstone\julien&jacobs.capstone\arm64\debug\julien&j.d4c5c336.tlog\link.20980.read.2.tlog
c:\users\administrator\onedrive - students.curry.edu\desktop\cs3560-datastructures&algorithms2\julien&jacobs.capstone\julien&jacobs.capstone\arm64\debug\julien&j.d4c5c336.tlog\link.20980.write.1.tlog
c:\users\administrator\onedrive - students.curry.edu\desktop\cs3560-datastructures&algorithms2\julien&jacobs.capstone\julien&jacobs.capstone\arm64\debug\julien&j.d4c5c336.tlog\link.command.1.tlog
c:\users\administrator\onedrive - students.curry.edu\desktop\cs3560-datastructures&algorithms2\julien&jacobs.capstone\julien&jacobs.capstone\arm64\debug\julien&j.d4c5c336.tlog\link.read.1.tlog
c:\users\administrator\onedrive - students.curry.edu\desktop\cs3560-datastructures&algorithms2\julien&jacobs.capstone\julien&jacobs.capstone\arm64\debug\julien&j.d4c5c336.tlog\link.read.2.tlog
c:\users\administrator\onedrive - students.curry.edu\desktop\cs3560-datastructures&algorithms2\julien&jacobs.capstone\julien&jacobs.capstone\arm64\debug\julien&j.d4c5c336.tlog\link.secondary.1.tlog
c:\users\administrator\onedrive - students.curry.edu\desktop\cs3560-datastructures&algorithms2\julien&jacobs.capstone\julien&jacobs.capstone\arm64\debug\julien&j.d4c5c336.tlog\link.write.1.tlog
